2023-11-07 10:32:18.621  INFO 89021 --- [main] com.example.demo.SareetaApplication      : Starting SareetaApplication on Naums-MBP.mshome.net with PID 89021 (started by naumtinga in /Users/naumtinga/IdeaProjects/Udacity Java Developer/Security and DevOps/eCommerce/nd035-c4-Security-and-DevOps-master)
2023-11-07 10:32:18.626  INFO 89021 --- [main] com.example.demo.SareetaApplication      : No active profile set, falling back to default profiles: default
2023-11-07 10:32:19.286  INFO 89021 --- [main] .s.d.r.c.RepositoryConfigurationDelegate : Bootstrapping Spring Data repositories in DEFAULT mode.
2023-11-07 10:32:19.359  INFO 89021 --- [main] .s.d.r.c.RepositoryConfigurationDelegate : Finished Spring Data repository scanning in 68ms. Found 4 repository interfaces.
2023-11-07 10:32:19.775  INFO 89021 --- [main] trationDelegate$BeanPostProcessorChecker : Bean 'org.springframework.transaction.annotation.ProxyTransactionManagementConfiguration' of type [org.springframework.transaction.annotation.ProxyTransactionManagementConfiguration$$EnhancerBySpringCGLIB$$fa61b081] is not eligible for getting processed by all BeanPostProcessors (for example: not eligible for auto-proxying)
2023-11-07 10:32:19.997  INFO 89021 --- [main] o.s.b.w.embedded.tomcat.TomcatWebServer  : Tomcat initialized with port(s): 8081 (http)
2023-11-07 10:32:20.029  INFO 89021 --- [main] o.apache.catalina.core.StandardService   : Starting service [Tomcat]
2023-11-07 10:32:20.029  INFO 89021 --- [main] org.apache.catalina.core.StandardEngine  : Starting Servlet engine: [Apache Tomcat/9.0.19]
2023-11-07 10:32:20.094  INFO 89021 --- [main] o.a.c.c.C.[Tomcat].[localhost].[/]       : Initializing Spring embedded WebApplicationContext
2023-11-07 10:32:20.094  INFO 89021 --- [main] o.s.web.context.ContextLoader            : Root WebApplicationContext: initialization completed in 1390 ms
2023-11-07 10:32:20.336  INFO 89021 --- [main] com.zaxxer.hikari.HikariDataSource       : HikariPool-1 - Starting...
2023-11-07 10:32:20.404  INFO 89021 --- [main] com.zaxxer.hikari.HikariDataSource       : HikariPool-1 - Start completed.
2023-11-07 10:32:20.440  INFO 89021 --- [main] o.hibernate.jpa.internal.util.LogHelper  : HHH000204: Processing PersistenceUnitInfo [
	name: default
	...]
2023-11-07 10:32:20.539  INFO 89021 --- [main] org.hibernate.Version                    : HHH000412: Hibernate Core {5.3.10.Final}
2023-11-07 10:32:20.550  INFO 89021 --- [main] org.hibernate.cfg.Environment            : HHH000206: hibernate.properties not found
2023-11-07 10:32:20.681  INFO 89021 --- [main] o.hibernate.annotations.common.Version   : HCANN000001: Hibernate Commons Annotations {5.0.4.Final}
2023-11-07 10:32:20.748  INFO 89021 --- [main] org.hibernate.dialect.Dialect            : HHH000400: Using dialect: org.hibernate.dialect.H2Dialect
2023-11-07 10:32:21.264  INFO 89021 --- [main] j.LocalContainerEntityManagerFactoryBean : Initialized JPA EntityManagerFactory for persistence unit 'default'
2023-11-07 10:32:21.682  WARN 89021 --- [main] aWebConfiguration$JpaWebMvcConfiguration : spring.jpa.open-in-view is enabled by default. Therefore, database queries may be performed during view rendering. Explicitly configure spring.jpa.open-in-view to disable this warning
2023-11-07 10:32:21.729  INFO 89021 --- [main] o.s.s.web.DefaultSecurityFilterChain     : Creating filter chain: any request, [org.springframework.security.web.context.request.async.WebAsyncManagerIntegrationFilter@2911db81, org.springframework.security.web.context.SecurityContextPersistenceFilter@5c215642, org.springframework.security.web.header.HeaderWriterFilter@426913c4, org.springframework.web.filter.CorsFilter@7fce1069, org.springframework.security.web.authentication.logout.LogoutFilter@69a294d8, com.example.demo.security.JWTAuthenticationFilter@51b41740, com.example.demo.security.JWTAuthenticationVerificationFilter@70cac22a, org.springframework.security.web.savedrequest.RequestCacheAwareFilter@416c1b0, org.springframework.security.web.servletapi.SecurityContextHolderAwareRequestFilter@7ce4498f, org.springframework.security.web.authentication.AnonymousAuthenticationFilter@57a0c261, org.springframework.security.web.session.SessionManagementFilter@451a4187, org.springframework.security.web.access.ExceptionTranslationFilter@6db04a6, org.springframework.security.web.access.intercept.FilterSecurityInterceptor@64381526]
2023-11-07 10:32:21.815  INFO 89021 --- [main] o.s.s.concurrent.ThreadPoolTaskExecutor  : Initializing ExecutorService 'applicationTaskExecutor'
2023-11-07 10:32:21.932  INFO 89021 --- [main] o.s.b.w.embedded.tomcat.TomcatWebServer  : Tomcat started on port(s): 8081 (http) with context path ''
2023-11-07 10:32:21.934  INFO 89021 --- [main] com.example.demo.SareetaApplication      : Started SareetaApplication in 3.601 seconds (JVM running for 4.256)
2023-11-07 10:32:37.856  INFO 89021 --- [http-nio-8081-exec-1] o.a.c.c.C.[Tomcat].[localhost].[/]       : Initializing Spring DispatcherServlet 'dispatcherServlet'
2023-11-07 10:32:37.857  INFO 89021 --- [http-nio-8081-exec-1] o.s.web.servlet.DispatcherServlet        : Initializing Servlet 'dispatcherServlet'
2023-11-07 10:32:37.865  INFO 89021 --- [http-nio-8081-exec-1] o.s.web.servlet.DispatcherServlet        : Completed initialization in 8 ms
2023-11-07 10:32:53.216  INFO 89021 --- [http-nio-8081-exec-4] c.e.demo.controllers.UserController      : User created successfully: username: Tinga
2023-11-07 10:42:01.471  WARN 89021 --- [HikariPool-1 housekeeper] com.zaxxer.hikari.pool.HikariPool        : HikariPool-1 - Thread starvation or clock leap detected (housekeeper delta=1m40s855ms).
2023-11-07 10:45:34.115  WARN 89021 --- [HikariPool-1 housekeeper] com.zaxxer.hikari.pool.HikariPool        : HikariPool-1 - Thread starvation or clock leap detected (housekeeper delta=1m32s604ms).
2023-11-07 10:54:59.234  WARN 89021 --- [HikariPool-1 housekeeper] com.zaxxer.hikari.pool.HikariPool        : HikariPool-1 - Thread starvation or clock leap detected (housekeeper delta=1m55s64ms).
2023-11-07 11:17:33.417  WARN 89021 --- [HikariPool-1 housekeeper] com.zaxxer.hikari.pool.HikariPool        : HikariPool-1 - Thread starvation or clock leap detected (housekeeper delta=6m58s556ms).
2023-11-07 11:47:53.931  WARN 89021 --- [HikariPool-1 housekeeper] com.zaxxer.hikari.pool.HikariPool        : HikariPool-1 - Thread starvation or clock leap detected (housekeeper delta=1m20s382ms).
2023-11-07 12:22:51.693  WARN 89021 --- [HikariPool-1 housekeeper] com.zaxxer.hikari.pool.HikariPool        : HikariPool-1 - Thread starvation or clock leap detected (housekeeper delta=1m27s437ms).
2023-11-07 12:54:46.823  WARN 89021 --- [HikariPool-1 housekeeper] com.zaxxer.hikari.pool.HikariPool        : HikariPool-1 - Thread starvation or clock leap detected (housekeeper delta=25m25s13ms).
2023-11-07 13:14:24.162  INFO 89021 --- [Thread-3] o.s.s.concurrent.ThreadPoolTaskExecutor  : Shutting down ExecutorService 'applicationTaskExecutor'
2023-11-07 13:14:24.170  INFO 89021 --- [Thread-3] j.LocalContainerEntityManagerFactoryBean : Closing JPA EntityManagerFactory for persistence unit 'default'
2023-11-07 13:14:24.178  INFO 89021 --- [Thread-3] com.zaxxer.hikari.HikariDataSource       : HikariPool-1 - Shutdown initiated...
2023-11-07 13:14:24.184  INFO 89021 --- [Thread-3] com.zaxxer.hikari.HikariDataSource       : HikariPool-1 - Shutdown completed.
2023-11-07 13:14:28.089  INFO 5990 --- [main] com.example.demo.SareetaApplication      : Starting SareetaApplication on Naums-MBP.mshome.net with PID 5990 (started by naumtinga in /Users/naumtinga/IdeaProjects/Udacity Java Developer/Security and DevOps/eCommerce/nd035-c4-Security-and-DevOps-master)
2023-11-07 13:14:28.091  INFO 5990 --- [main] com.example.demo.SareetaApplication      : No active profile set, falling back to default profiles: default
2023-11-07 13:14:28.757  INFO 5990 --- [main] .s.d.r.c.RepositoryConfigurationDelegate : Bootstrapping Spring Data repositories in DEFAULT mode.
2023-11-07 13:14:28.839  INFO 5990 --- [main] .s.d.r.c.RepositoryConfigurationDelegate : Finished Spring Data repository scanning in 76ms. Found 4 repository interfaces.
2023-11-07 13:14:29.251  INFO 5990 --- [main] trationDelegate$BeanPostProcessorChecker : Bean 'org.springframework.transaction.annotation.ProxyTransactionManagementConfiguration' of type [org.springframework.transaction.annotation.ProxyTransactionManagementConfiguration$$EnhancerBySpringCGLIB$$88a281ae] is not eligible for getting processed by all BeanPostProcessors (for example: not eligible for auto-proxying)
2023-11-07 13:14:29.473  INFO 5990 --- [main] o.s.b.w.embedded.tomcat.TomcatWebServer  : Tomcat initialized with port(s): 8081 (http)
2023-11-07 13:14:29.503  INFO 5990 --- [main] o.apache.catalina.core.StandardService   : Starting service [Tomcat]
2023-11-07 13:14:29.503  INFO 5990 --- [main] org.apache.catalina.core.StandardEngine  : Starting Servlet engine: [Apache Tomcat/9.0.19]
2023-11-07 13:14:29.569  INFO 5990 --- [main] o.a.c.c.C.[Tomcat].[localhost].[/]       : Initializing Spring embedded WebApplicationContext
2023-11-07 13:14:29.570  INFO 5990 --- [main] o.s.web.context.ContextLoader            : Root WebApplicationContext: initialization completed in 1407 ms
2023-11-07 13:14:29.811  INFO 5990 --- [main] com.zaxxer.hikari.HikariDataSource       : HikariPool-1 - Starting...
2023-11-07 13:14:29.882  INFO 5990 --- [main] com.zaxxer.hikari.HikariDataSource       : HikariPool-1 - Start completed.
2023-11-07 13:14:29.915  INFO 5990 --- [main] o.hibernate.jpa.internal.util.LogHelper  : HHH000204: Processing PersistenceUnitInfo [
	name: default
	...]
2023-11-07 13:14:29.940  INFO 5990 --- [main] org.hibernate.Version                    : HHH000412: Hibernate Core {5.3.10.Final}
2023-11-07 13:14:29.942  INFO 5990 --- [main] org.hibernate.cfg.Environment            : HHH000206: hibernate.properties not found
2023-11-07 13:14:30.154  INFO 5990 --- [main] o.hibernate.annotations.common.Version   : HCANN000001: Hibernate Commons Annotations {5.0.4.Final}
2023-11-07 13:14:30.225  INFO 5990 --- [main] org.hibernate.dialect.Dialect            : HHH000400: Using dialect: org.hibernate.dialect.H2Dialect
2023-11-07 13:14:30.716  INFO 5990 --- [main] j.LocalContainerEntityManagerFactoryBean : Initialized JPA EntityManagerFactory for persistence unit 'default'
2023-11-07 13:14:31.154  WARN 5990 --- [main] aWebConfiguration$JpaWebMvcConfiguration : spring.jpa.open-in-view is enabled by default. Therefore, database queries may be performed during view rendering. Explicitly configure spring.jpa.open-in-view to disable this warning
2023-11-07 13:14:31.210  INFO 5990 --- [main] o.s.s.web.DefaultSecurityFilterChain     : Creating filter chain: any request, [org.springframework.security.web.context.request.async.WebAsyncManagerIntegrationFilter@64381526, org.springframework.security.web.context.SecurityContextPersistenceFilter@49fb693d, org.springframework.security.web.header.HeaderWriterFilter@3e0327dd, org.springframework.web.filter.CorsFilter@46290193, org.springframework.security.web.authentication.logout.LogoutFilter@ce0bbd5, com.example.demo.security.JWTAuthenticationFilter@6ad7a305, com.example.demo.security.JWTAuthenticationVerificationFilter@2fc435e9, org.springframework.security.web.savedrequest.RequestCacheAwareFilter@5516ee5, org.springframework.security.web.servletapi.SecurityContextHolderAwareRequestFilter@565c887e, org.springframework.security.web.authentication.AnonymousAuthenticationFilter@bf18412, org.springframework.security.web.session.SessionManagementFilter@3361d286, org.springframework.security.web.access.ExceptionTranslationFilter@450f0d89, org.springframework.security.web.access.intercept.FilterSecurityInterceptor@7f53a31f]
2023-11-07 13:14:31.284  INFO 5990 --- [main] o.s.s.concurrent.ThreadPoolTaskExecutor  : Initializing ExecutorService 'applicationTaskExecutor'
2023-11-07 13:14:31.395  INFO 5990 --- [main] o.s.b.w.embedded.tomcat.TomcatWebServer  : Tomcat started on port(s): 8081 (http) with context path ''
2023-11-07 13:14:31.397  INFO 5990 --- [main] com.example.demo.SareetaApplication      : Started SareetaApplication in 3.598 seconds (JVM running for 4.252)
2023-11-07 13:25:03.786  WARN 5990 --- [HikariPool-1 housekeeper] com.zaxxer.hikari.pool.HikariPool        : HikariPool-1 - Thread starvation or clock leap detected (housekeeper delta=1m3s752ms).
